Using pre-set license
Built from '2020.3/staging' branch; Version is '2020.3.17f1 (a4537701e4ab) revision 10769271'; Using compiler version '192528614'; Build Type 'Release'
OS: 'Windows 10 Home Single Language; OS build 22000.282; Version 2009; 64bit' Language: 'en' Physical Memory: 15789 MB
BatchMode: 1, IsHumanControllingUs: 0, StartBugReporterOnCrash: 0, Is64bit: 1, IsPro: 0

COMMAND LINE ARGUMENTS:
C:\Program Files\Unity\Hub\Editor\2020.3.17f1\Editor\Unity.exe
-adb2
-batchMode
-noUpm
-name
AssetImportWorker0
-projectPath
D:/Among Us 3D
-logFile
Logs/AssetImportWorker0.log
-srvPort
53037
Successfully changed project path to: D:/Among Us 3D
D:/Among Us 3D
Using Asset Import Pipeline V2.
Refreshing native plugins compatible for Editor in 28.28 ms, found 2 plugins.
Preloading 0 native plugins for Editor in 0.00 ms.
Initialize engine version: 2020.3.17f1 (a4537701e4ab)
[Subsystems] Discovering subsystems at path C:/Program Files/Unity/Hub/Editor/2020.3.17f1/Editor/Data/Resources/UnitySubsystems
[Subsystems] Discovering subsystems at path D:/Among Us 3D/Assets
GfxDevice: creating device client; threaded=0
Direct3D:
    Version:  Direct3D 11.0 [level 11.1]
    Renderer: NVIDIA GeForce GTX 1650 Ti (ID=0x2192)
    Vendor:   
    VRAM:     3962 MB
    Driver:   30.0.14.9613
Initialize mono
Mono path[0] = 'C:/Program Files/Unity/Hub/Editor/2020.3.17f1/Editor/Data/Managed'
Mono path[1] = 'C:/Program Files/Unity/Hub/Editor/2020.3.17f1/Editor/Data/MonoBleedingEdge/lib/mono/unityjit'
Mono config path = 'C:/Program Files/Unity/Hub/Editor/2020.3.17f1/Editor/Data/MonoBleedingEdge/etc'
Using monoOptions --debugger-agent=transport=dt_socket,embedding=1,server=y,suspend=n,address=127.0.0.1:56308
Begin MonoManager ReloadAssembly
Registering precompiled unity dll's ...
Register platform support module: C:/Program Files/Unity/Hub/Editor/2020.3.17f1/Editor/Data/PlaybackEngines/WindowsStandaloneSupport/UnityEditor.WindowsStandalone.Extensions.dll
Registered in 0.001525 seconds.
Native extension for WindowsStandalone target not found
Refreshing native plugins compatible for Editor in 27.97 ms, found 2 plugins.
Preloading 0 native plugins for Editor in 0.00 ms.
Mono: successfully reloaded assembly
- Completed reload, in  1.497 seconds
Domain Reload Profiling:
	ReloadAssembly (1498ms)
		BeginReloadAssembly (47ms)
			ExecutionOrderSort (0ms)
			DisableScriptedObjects (0ms)
			BackupInstance (0ms)
			ReleaseScriptingObjects (0ms)
			CreateAndSetChildDomain (1ms)
		EndReloadAssembly (366ms)
			LoadAssemblies (45ms)
			RebuildTransferFunctionScriptingTraits (0ms)
			SetupTypeCache (132ms)
			ReleaseScriptCaches (0ms)
			RebuildScriptCaches (32ms)
			SetupLoadedEditorAssemblies (143ms)
				LogAssemblyErrors (0ms)
				InitializePlatformSupportModulesInManaged (4ms)
				SetLoadedEditorAssemblies (0ms)
				RefreshPlugins (28ms)
				BeforeProcessingInitializeOnLoad (12ms)
				ProcessInitializeOnLoadAttributes (74ms)
				ProcessInitializeOnLoadMethodAttributes (26ms)
				AfterProcessingInitializeOnLoad (0ms)
				EditorAssembliesLoaded (0ms)
			ExecutionOrderSort2 (0ms)
			AwakeInstancesAfterBackupRestoration (0ms)
Platform modules already initialized, skipping
Registering precompiled user dll's ...
Registered in 0.001920 seconds.
Begin MonoManager ReloadAssembly
Native extension for WindowsStandalone target not found
Refreshing native plugins compatible for Editor in 0.35 ms, found 2 plugins.
Preloading 0 native plugins for Editor in 0.00 ms.
Mono: successfully reloaded assembly
- Completed reload, in  0.946 seconds
Domain Reload Profiling:
	ReloadAssembly (947ms)
		BeginReloadAssembly (126ms)
			ExecutionOrderSort (0ms)
			DisableScriptedObjects (4ms)
			BackupInstance (0ms)
			ReleaseScriptingObjects (0ms)
			CreateAndSetChildDomain (17ms)
		EndReloadAssembly (764ms)
			LoadAssemblies (69ms)
			RebuildTransferFunctionScriptingTraits (0ms)
			SetupTypeCache (235ms)
			ReleaseScriptCaches (0ms)
			RebuildScriptCaches (40ms)
			SetupLoadedEditorAssemblies (336ms)
				LogAssemblyErrors (0ms)
				InitializePlatformSupportModulesInManaged (4ms)
				SetLoadedEditorAssemblies (0ms)
				RefreshPlugins (0ms)
				BeforeProcessingInitializeOnLoad (72ms)
				ProcessInitializeOnLoadAttributes (251ms)
				ProcessInitializeOnLoadMethodAttributes (4ms)
				AfterProcessingInitializeOnLoad (4ms)
				EditorAssembliesLoaded (0ms)
			ExecutionOrderSort2 (0ms)
			AwakeInstancesAfterBackupRestoration (6ms)
Platform modules already initialized, skipping
========================================================================
Worker process is ready to serve import requests
Launched and connected shader compiler UnityShaderCompiler.exe after 0.05 seconds
Refreshing native plugins compatible for Editor in 0.32 ms, found 2 plugins.
Preloading 0 native plugins for Editor in 0.00 ms.
Unloading 1428 Unused Serialized files (Serialized files now loaded: 0)
System memory in use before: 80.3 MB.
System memory in use after: 80.4 MB.

Unloading 17 unused Assets to reduce memory usage. Loaded Objects now: 1881.
Total: 2.898400 ms (FindLiveObjects: 0.168000 ms CreateObjectMapping: 0.033300 ms MarkObjects: 2.673600 ms  DeleteObjects: 0.022000 ms)

AssetImportParameters requested are different than current active one (requested -> active):
  custom:framework-win-MediaFoundation: 216162199b28c13a410421893ffa2e32 -> 
  custom:video-decoder-ogg-theora: a1e56fd34408186e4bbccfd4996cb3dc -> 
  custom:container-muxer-webm: aa71ff27fc2769a1b78a27578f13a17b -> 
  custom:container-demuxer-webm: 4f35f7cbe854078d1ac9338744f61a02 -> 
  custom:container-demuxer-ogg: 62fdf1f143b41e24485cea50d1cbac27 -> 
  custom:video-encoder-webm-vp8: eb34c28f22e8b96e1ab97ce403110664 -> 
  custom:video-codec-MediaFoundation-h265: 746d11721c4dcdbdad8f713fa42b33f4 -> 
  custom:video-decoder-webm-vp8: 9c59270c3fd7afecdb556c50c9e8de78 -> 
  custom:audio-decoder-ogg-vorbis: bf7c407c2cedff20999df2af8eb42d56 -> 
  custom:audio-encoder-webm-vorbis: bf7c407c2cedff20999df2af8eb42d56 -> 
========================================================================
Received Import Request.
  path: Assets/models/closetRandom.fbx
  artifactKey: Guid(e11dde86ea511584cab2bd0e714ac4a4) Importer(815301076,1909f56bfc062723c751e8b465ee728b)
Start importing Assets/models/closetRandom.fbx using Guid(e11dde86ea511584cab2bd0e714ac4a4) Importer(815301076,1909f56bfc062723c751e8b465ee728b)  -> (artifact id: 'af53fafe154bab126c4b93b951d45e90') in 0.172179 seconds 
  Import took 0.175512 seconds .

========================================================================
Received Prepare
Registering precompiled user dll's ...
Registered in 0.002124 seconds.
Begin MonoManager ReloadAssembly
Native extension for WindowsStandalone target not found
Refreshing native plugins compatible for Editor in 0.34 ms, found 2 plugins.
Preloading 0 native plugins for Editor in 0.00 ms.
Mono: successfully reloaded assembly
- Completed reload, in  0.948 seconds
Domain Reload Profiling:
	ReloadAssembly (949ms)
		BeginReloadAssembly (101ms)
			ExecutionOrderSort (0ms)
			DisableScriptedObjects (3ms)
			BackupInstance (0ms)
			ReleaseScriptingObjects (0ms)
			CreateAndSetChildDomain (29ms)
		EndReloadAssembly (788ms)
			LoadAssemblies (69ms)
			RebuildTransferFunctionScriptingTraits (0ms)
			SetupTypeCache (249ms)
			ReleaseScriptCaches (1ms)
			RebuildScriptCaches (34ms)
			SetupLoadedEditorAssemblies (334ms)
				LogAssemblyErrors (0ms)
				InitializePlatformSupportModulesInManaged (4ms)
				SetLoadedEditorAssemblies (0ms)
				RefreshPlugins (0ms)
				BeforeProcessingInitializeOnLoad (65ms)
				ProcessInitializeOnLoadAttributes (254ms)
				ProcessInitializeOnLoadMethodAttributes (4ms)
				AfterProcessingInitializeOnLoad (5ms)
				EditorAssembliesLoaded (0ms)
			ExecutionOrderSort2 (0ms)
			AwakeInstancesAfterBackupRestoration (9ms)
Platform modules already initialized, skipping
Refreshing native plugins compatible for Editor in 0.48 ms, found 2 plugins.
Preloading 0 native plugins for Editor in 0.00 ms.
Unloading 1406 Unused Serialized files (Serialized files now loaded: 0)
System memory in use before: 82.0 MB.
System memory in use after: 82.1 MB.

Unloading 13 unused Assets to reduce memory usage. Loaded Objects now: 1926.
Total: 3.529200 ms (FindLiveObjects: 0.243400 ms CreateObjectMapping: 0.033700 ms MarkObjects: 3.231200 ms  DeleteObjects: 0.018600 ms)

AssetImportParameters requested are different than current active one (requested -> active):
  custom:framework-win-MediaFoundation: 216162199b28c13a410421893ffa2e32 -> 
  custom:video-decoder-ogg-theora: a1e56fd34408186e4bbccfd4996cb3dc -> 
  custom:container-muxer-webm: aa71ff27fc2769a1b78a27578f13a17b -> 
  custom:container-demuxer-webm: 4f35f7cbe854078d1ac9338744f61a02 -> 
  custom:container-demuxer-ogg: 62fdf1f143b41e24485cea50d1cbac27 -> 
  custom:video-encoder-webm-vp8: eb34c28f22e8b96e1ab97ce403110664 -> 
  custom:video-codec-MediaFoundation-h265: 746d11721c4dcdbdad8f713fa42b33f4 -> 
  custom:video-decoder-webm-vp8: 9c59270c3fd7afecdb556c50c9e8de78 -> 
  custom:audio-decoder-ogg-vorbis: bf7c407c2cedff20999df2af8eb42d56 -> 
  custom:audio-encoder-webm-vorbis: bf7c407c2cedff20999df2af8eb42d56 -> 
========================================================================
Received Import Request.
  Time since last request: 349.729860 seconds.
  path: Assets/models/boxesCrates.fbx
  artifactKey: Guid(9e9a1412781e3e24597a661840bd2c93) Importer(815301076,1909f56bfc062723c751e8b465ee728b)
Start importing Assets/models/boxesCrates.fbx using Guid(9e9a1412781e3e24597a661840bd2c93) Importer(815301076,1909f56bfc062723c751e8b465ee728b)  -> (artifact id: 'b9b9adbcf91767fca6921ce0ea4da7df') in 0.097560 seconds 
  Import took 0.100065 seconds .

========================================================================
Received Prepare
Registering precompiled user dll's ...
Registered in 0.001924 seconds.
Begin MonoManager ReloadAssembly
Native extension for WindowsStandalone target not found
Refreshing native plugins compatible for Editor in 0.36 ms, found 2 plugins.
Preloading 0 native plugins for Editor in 0.00 ms.
Mono: successfully reloaded assembly
- Completed reload, in  0.902 seconds
Domain Reload Profiling:
	ReloadAssembly (902ms)
		BeginReloadAssembly (95ms)
			ExecutionOrderSort (0ms)
			DisableScriptedObjects (3ms)
			BackupInstance (0ms)
			ReleaseScriptingObjects (0ms)
			CreateAndSetChildDomain (30ms)
		EndReloadAssembly (752ms)
			LoadAssemblies (68ms)
			RebuildTransferFunctionScriptingTraits (0ms)
			SetupTypeCache (238ms)
			ReleaseScriptCaches (1ms)
			RebuildScriptCaches (34ms)
			SetupLoadedEditorAssemblies (320ms)
				LogAssemblyErrors (0ms)
				InitializePlatformSupportModulesInManaged (4ms)
				SetLoadedEditorAssemblies (0ms)
				RefreshPlugins (0ms)
				BeforeProcessingInitializeOnLoad (66ms)
				ProcessInitializeOnLoadAttributes (240ms)
				ProcessInitializeOnLoadMethodAttributes (4ms)
				AfterProcessingInitializeOnLoad (5ms)
				EditorAssembliesLoaded (0ms)
			ExecutionOrderSort2 (0ms)
			AwakeInstancesAfterBackupRestoration (6ms)
Platform modules already initialized, skipping
Refreshing native plugins compatible for Editor in 0.44 ms, found 2 plugins.
Preloading 0 native plugins for Editor in 0.00 ms.
Unloading 1406 Unused Serialized files (Serialized files now loaded: 0)
System memory in use before: 82.1 MB.
System memory in use after: 82.2 MB.

Unloading 13 unused Assets to reduce memory usage. Loaded Objects now: 1929.
Total: 3.062900 ms (FindLiveObjects: 0.169700 ms CreateObjectMapping: 0.031500 ms MarkObjects: 2.820700 ms  DeleteObjects: 0.038400 ms)

AssetImportParameters requested are different than current active one (requested -> active):
  custom:framework-win-MediaFoundation: 216162199b28c13a410421893ffa2e32 -> 
  custom:video-decoder-ogg-theora: a1e56fd34408186e4bbccfd4996cb3dc -> 
  custom:container-muxer-webm: aa71ff27fc2769a1b78a27578f13a17b -> 
  custom:container-demuxer-webm: 4f35f7cbe854078d1ac9338744f61a02 -> 
  custom:container-demuxer-ogg: 62fdf1f143b41e24485cea50d1cbac27 -> 
  custom:video-encoder-webm-vp8: eb34c28f22e8b96e1ab97ce403110664 -> 
  custom:video-codec-MediaFoundation-h265: 746d11721c4dcdbdad8f713fa42b33f4 -> 
  custom:video-decoder-webm-vp8: 9c59270c3fd7afecdb556c50c9e8de78 -> 
  custom:audio-decoder-ogg-vorbis: bf7c407c2cedff20999df2af8eb42d56 -> 
  custom:audio-encoder-webm-vorbis: bf7c407c2cedff20999df2af8eb42d56 -> 
========================================================================
Received Prepare
Registering precompiled user dll's ...
Registered in 0.001916 seconds.
Begin MonoManager ReloadAssembly
Native extension for WindowsStandalone target not found
Refreshing native plugins compatible for Editor in 0.40 ms, found 2 plugins.
Preloading 0 native plugins for Editor in 0.00 ms.
Mono: successfully reloaded assembly
- Completed reload, in  0.912 seconds
Domain Reload Profiling:
	ReloadAssembly (912ms)
		BeginReloadAssembly (98ms)
			ExecutionOrderSort (0ms)
			DisableScriptedObjects (5ms)
			BackupInstance (0ms)
			ReleaseScriptingObjects (0ms)
			CreateAndSetChildDomain (30ms)
		EndReloadAssembly (758ms)
			LoadAssemblies (71ms)
			RebuildTransferFunctionScriptingTraits (0ms)
			SetupTypeCache (236ms)
			ReleaseScriptCaches (1ms)
			RebuildScriptCaches (34ms)
			SetupLoadedEditorAssemblies (325ms)
				LogAssemblyErrors (0ms)
				InitializePlatformSupportModulesInManaged (6ms)
				SetLoadedEditorAssemblies (0ms)
				RefreshPlugins (0ms)
				BeforeProcessingInitializeOnLoad (75ms)
				ProcessInitializeOnLoadAttributes (234ms)
				ProcessInitializeOnLoadMethodAttributes (4ms)
				AfterProcessingInitializeOnLoad (5ms)
				EditorAssembliesLoaded (0ms)
			ExecutionOrderSort2 (0ms)
			AwakeInstancesAfterBackupRestoration (6ms)
Platform modules already initialized, skipping
Refreshing native plugins compatible for Editor in 0.35 ms, found 2 plugins.
Preloading 0 native plugins for Editor in 0.00 ms.
Unloading 1406 Unused Serialized files (Serialized files now loaded: 0)
System memory in use before: 82.1 MB.
System memory in use after: 82.2 MB.

Unloading 13 unused Assets to reduce memory usage. Loaded Objects now: 1931.
Total: 3.101500 ms (FindLiveObjects: 0.200800 ms CreateObjectMapping: 0.031400 ms MarkObjects: 2.848400 ms  DeleteObjects: 0.019200 ms)

AssetImportParameters requested are different than current active one (requested -> active):
  custom:framework-win-MediaFoundation: 216162199b28c13a410421893ffa2e32 -> 
  custom:video-decoder-ogg-theora: a1e56fd34408186e4bbccfd4996cb3dc -> 
  custom:container-muxer-webm: aa71ff27fc2769a1b78a27578f13a17b -> 
  custom:container-demuxer-webm: 4f35f7cbe854078d1ac9338744f61a02 -> 
  custom:container-demuxer-ogg: 62fdf1f143b41e24485cea50d1cbac27 -> 
  custom:video-encoder-webm-vp8: eb34c28f22e8b96e1ab97ce403110664 -> 
  custom:video-codec-MediaFoundation-h265: 746d11721c4dcdbdad8f713fa42b33f4 -> 
  custom:video-decoder-webm-vp8: 9c59270c3fd7afecdb556c50c9e8de78 -> 
  custom:audio-decoder-ogg-vorbis: bf7c407c2cedff20999df2af8eb42d56 -> 
  custom:audio-encoder-webm-vorbis: bf7c407c2cedff20999df2af8eb42d56 -> 
========================================================================
Received Import Request.
  Time since last request: 1066.451994 seconds.
  path: Assets/models/generator.fbx
  artifactKey: Guid(1eb500238d09bab4791b201094ef4ef8) Importer(815301076,1909f56bfc062723c751e8b465ee728b)
Start importing Assets/models/generator.fbx using Guid(1eb500238d09bab4791b201094ef4ef8) Importer(815301076,1909f56bfc062723c751e8b465ee728b)  -> (artifact id: 'c6bfe913448d00d86c5f72cccd2d14b3') in 0.104007 seconds 
  Import took 0.106706 seconds .

========================================================================
Received Prepare
Registering precompiled user dll's ...
Registered in 0.001872 seconds.
Begin MonoManager ReloadAssembly
Native extension for WindowsStandalone target not found
Refreshing native plugins compatible for Editor in 0.34 ms, found 2 plugins.
Preloading 0 native plugins for Editor in 0.00 ms.
Mono: successfully reloaded assembly
- Completed reload, in  0.899 seconds
Domain Reload Profiling:
	ReloadAssembly (899ms)
		BeginReloadAssembly (96ms)
			ExecutionOrderSort (0ms)
			DisableScriptedObjects (4ms)
			BackupInstance (0ms)
			ReleaseScriptingObjects (0ms)
			CreateAndSetChildDomain (30ms)
		EndReloadAssembly (746ms)
			LoadAssemblies (68ms)
			RebuildTransferFunctionScriptingTraits (0ms)
			SetupTypeCache (238ms)
			ReleaseScriptCaches (1ms)
			RebuildScriptCaches (33ms)
			SetupLoadedEditorAssemblies (311ms)
				LogAssemblyErrors (0ms)
				InitializePlatformSupportModulesInManaged (4ms)
				SetLoadedEditorAssemblies (0ms)
				RefreshPlugins (0ms)
				BeforeProcessingInitializeOnLoad (66ms)
				ProcessInitializeOnLoadAttributes (230ms)
				ProcessInitializeOnLoadMethodAttributes (5ms)
				AfterProcessingInitializeOnLoad (4ms)
				EditorAssembliesLoaded (0ms)
			ExecutionOrderSort2 (0ms)
			AwakeInstancesAfterBackupRestoration (6ms)
Platform modules already initialized, skipping
Refreshing native plugins compatible for Editor in 0.36 ms, found 2 plugins.
Preloading 0 native plugins for Editor in 0.00 ms.
Unloading 1406 Unused Serialized files (Serialized files now loaded: 0)
System memory in use before: 82.1 MB.
System memory in use after: 82.2 MB.

Unloading 13 unused Assets to reduce memory usage. Loaded Objects now: 1934.
Total: 3.490400 ms (FindLiveObjects: 0.247100 ms CreateObjectMapping: 0.061500 ms MarkObjects: 3.153100 ms  DeleteObjects: 0.026600 ms)

AssetImportParameters requested are different than current active one (requested -> active):
  custom:framework-win-MediaFoundation: 216162199b28c13a410421893ffa2e32 -> 
  custom:video-decoder-ogg-theora: a1e56fd34408186e4bbccfd4996cb3dc -> 
  custom:container-muxer-webm: aa71ff27fc2769a1b78a27578f13a17b -> 
  custom:container-demuxer-webm: 4f35f7cbe854078d1ac9338744f61a02 -> 
  custom:container-demuxer-ogg: 62fdf1f143b41e24485cea50d1cbac27 -> 
  custom:video-encoder-webm-vp8: eb34c28f22e8b96e1ab97ce403110664 -> 
  custom:video-codec-MediaFoundation-h265: 746d11721c4dcdbdad8f713fa42b33f4 -> 
  custom:video-decoder-webm-vp8: 9c59270c3fd7afecdb556c50c9e8de78 -> 
  custom:audio-decoder-ogg-vorbis: bf7c407c2cedff20999df2af8eb42d56 -> 
  custom:audio-encoder-webm-vorbis: bf7c407c2cedff20999df2af8eb42d56 -> 
========================================================================
Received Import Request.
  Time since last request: 643.144030 seconds.
  path: Assets/models/launchpad.fbx
  artifactKey: Guid(4b960b0d0cb627a4182b7763b8c7be26) Importer(815301076,1909f56bfc062723c751e8b465ee728b)
Start importing Assets/models/launchpad.fbx using Guid(4b960b0d0cb627a4182b7763b8c7be26) Importer(815301076,1909f56bfc062723c751e8b465ee728b)  -> (artifact id: '6b6169f9aa85adee0a682b2116501a14') in 0.097877 seconds 
  Import took 0.100550 seconds .

========================================================================
Received Import Request.
  Time since last request: 51.666244 seconds.
  path: Assets/models/launchpad 1.fbx
  artifactKey: Guid(8fcaae140c325584fb8a08ce8aabdae9) Importer(815301076,1909f56bfc062723c751e8b465ee728b)
Start importing Assets/models/launchpad 1.fbx using Guid(8fcaae140c325584fb8a08ce8aabdae9) Importer(815301076,1909f56bfc062723c751e8b465ee728b)  -> (artifact id: 'f7049835043908a8a8fd6840b2dfc260') in 0.046365 seconds 
  Import took 0.048648 seconds .

========================================================================
Received Prepare
Registering precompiled user dll's ...
Registered in 0.002062 seconds.
Begin MonoManager ReloadAssembly
Native extension for WindowsStandalone target not found
Refreshing native plugins compatible for Editor in 0.38 ms, found 2 plugins.
Preloading 0 native plugins for Editor in 0.00 ms.
Mono: successfully reloaded assembly
- Completed reload, in  1.021 seconds
Domain Reload Profiling:
	ReloadAssembly (1021ms)
		BeginReloadAssembly (115ms)
			ExecutionOrderSort (0ms)
			DisableScriptedObjects (3ms)
			BackupInstance (0ms)
			ReleaseScriptingObjects (0ms)
			CreateAndSetChildDomain (38ms)
		EndReloadAssembly (842ms)
			LoadAssemblies (80ms)
			RebuildTransferFunctionScriptingTraits (0ms)
			SetupTypeCache (266ms)
			ReleaseScriptCaches (1ms)
			RebuildScriptCaches (39ms)
			SetupLoadedEditorAssemblies (350ms)
				LogAssemblyErrors (0ms)
				InitializePlatformSupportModulesInManaged (5ms)
				SetLoadedEditorAssemblies (0ms)
				RefreshPlugins (0ms)
				BeforeProcessingInitializeOnLoad (75ms)
				ProcessInitializeOnLoadAttributes (261ms)
				ProcessInitializeOnLoadMethodAttributes (4ms)
				AfterProcessingInitializeOnLoad (4ms)
				EditorAssembliesLoaded (0ms)
			ExecutionOrderSort2 (0ms)
			AwakeInstancesAfterBackupRestoration (7ms)
Platform modules already initialized, skipping
Refreshing native plugins compatible for Editor in 0.39 ms, found 2 plugins.
Preloading 0 native plugins for Editor in 0.00 ms.
Unloading 1406 Unused Serialized files (Serialized files now loaded: 0)
System memory in use before: 82.1 MB.
System memory in use after: 82.2 MB.

Unloading 13 unused Assets to reduce memory usage. Loaded Objects now: 1937.
Total: 3.648300 ms (FindLiveObjects: 0.212100 ms CreateObjectMapping: 0.035200 ms MarkObjects: 3.381300 ms  DeleteObjects: 0.018100 ms)

AssetImportParameters requested are different than current active one (requested -> active):
  custom:framework-win-MediaFoundation: 216162199b28c13a410421893ffa2e32 -> 
  custom:video-decoder-ogg-theora: a1e56fd34408186e4bbccfd4996cb3dc -> 
  custom:container-muxer-webm: aa71ff27fc2769a1b78a27578f13a17b -> 
  custom:container-demuxer-webm: 4f35f7cbe854078d1ac9338744f61a02 -> 
  custom:container-demuxer-ogg: 62fdf1f143b41e24485cea50d1cbac27 -> 
  custom:video-encoder-webm-vp8: eb34c28f22e8b96e1ab97ce403110664 -> 
  custom:video-codec-MediaFoundation-h265: 746d11721c4dcdbdad8f713fa42b33f4 -> 
  custom:video-decoder-webm-vp8: 9c59270c3fd7afecdb556c50c9e8de78 -> 
  custom:audio-decoder-ogg-vorbis: bf7c407c2cedff20999df2af8eb42d56 -> 
  custom:audio-encoder-webm-vorbis: bf7c407c2cedff20999df2af8eb42d56 -> 
========================================================================
Received Prepare
Registering precompiled user dll's ...
Registered in 0.002606 seconds.
Begin MonoManager ReloadAssembly
Native extension for WindowsStandalone target not found
Refreshing native plugins compatible for Editor in 0.45 ms, found 2 plugins.
Preloading 0 native plugins for Editor in 0.00 ms.
Mono: successfully reloaded assembly
- Completed reload, in  1.008 seconds
Domain Reload Profiling:
	ReloadAssembly (1009ms)
		BeginReloadAssembly (96ms)
			ExecutionOrderSort (0ms)
			DisableScriptedObjects (4ms)
			BackupInstance (0ms)
			ReleaseScriptingObjects (0ms)
			CreateAndSetChildDomain (28ms)
		EndReloadAssembly (858ms)
			LoadAssemblies (76ms)
			RebuildTransferFunctionScriptingTraits (0ms)
			SetupTypeCache (272ms)
			ReleaseScriptCaches (1ms)
			RebuildScriptCaches (39ms)
			SetupLoadedEditorAssemblies (363ms)
				LogAssemblyErrors (0ms)
				InitializePlatformSupportModulesInManaged (6ms)
				SetLoadedEditorAssemblies (1ms)
				RefreshPlugins (1ms)
				BeforeProcessingInitializeOnLoad (75ms)
				ProcessInitializeOnLoadAttributes (271ms)
				ProcessInitializeOnLoadMethodAttributes (4ms)
				AfterProcessingInitializeOnLoad (5ms)
				EditorAssembliesLoaded (0ms)
			ExecutionOrderSort2 (0ms)
			AwakeInstancesAfterBackupRestoration (7ms)
Platform modules already initialized, skipping
Refreshing native plugins compatible for Editor in 0.44 ms, found 2 plugins.
Preloading 0 native plugins for Editor in 0.00 ms.
Unloading 1406 Unused Serialized files (Serialized files now loaded: 0)
System memory in use before: 82.1 MB.
System memory in use after: 82.3 MB.

Unloading 13 unused Assets to reduce memory usage. Loaded Objects now: 1939.
Total: 3.948400 ms (FindLiveObjects: 0.192700 ms CreateObjectMapping: 0.034300 ms MarkObjects: 3.700900 ms  DeleteObjects: 0.018900 ms)

AssetImportParameters requested are different than current active one (requested -> active):
  custom:framework-win-MediaFoundation: 216162199b28c13a410421893ffa2e32 -> 
  custom:video-decoder-ogg-theora: a1e56fd34408186e4bbccfd4996cb3dc -> 
  custom:container-muxer-webm: aa71ff27fc2769a1b78a27578f13a17b -> 
  custom:container-demuxer-webm: 4f35f7cbe854078d1ac9338744f61a02 -> 
  custom:container-demuxer-ogg: 62fdf1f143b41e24485cea50d1cbac27 -> 
  custom:video-encoder-webm-vp8: eb34c28f22e8b96e1ab97ce403110664 -> 
  custom:video-codec-MediaFoundation-h265: 746d11721c4dcdbdad8f713fa42b33f4 -> 
  custom:video-decoder-webm-vp8: 9c59270c3fd7afecdb556c50c9e8de78 -> 
  custom:audio-decoder-ogg-vorbis: bf7c407c2cedff20999df2af8eb42d56 -> 
  custom:audio-encoder-webm-vorbis: bf7c407c2cedff20999df2af8eb42d56 -> 
========================================================================
Received Prepare
Registering precompiled user dll's ...
Registered in 0.002310 seconds.
Begin MonoManager ReloadAssembly
Native extension for WindowsStandalone target not found
Refreshing native plugins compatible for Editor in 0.48 ms, found 2 plugins.
Preloading 0 native plugins for Editor in 0.00 ms.
Mono: successfully reloaded assembly
- Completed reload, in  1.148 seconds
Domain Reload Profiling:
	ReloadAssembly (1148ms)
		BeginReloadAssembly (118ms)
			ExecutionOrderSort (0ms)
			DisableScriptedObjects (5ms)
			BackupInstance (0ms)
			ReleaseScriptingObjects (0ms)
			CreateAndSetChildDomain (33ms)
		EndReloadAssembly (958ms)
			LoadAssemblies (90ms)
			RebuildTransferFunctionScriptingTraits (0ms)
			SetupTypeCache (306ms)
			ReleaseScriptCaches (1ms)
			RebuildScriptCaches (44ms)
			SetupLoadedEditorAssemblies (408ms)
				LogAssemblyErrors (0ms)
				InitializePlatformSupportModulesInManaged (6ms)
				SetLoadedEditorAssemblies (1ms)
				RefreshPlugins (1ms)
				BeforeProcessingInitializeOnLoad (89ms)
				ProcessInitializeOnLoadAttributes (302ms)
				ProcessInitializeOnLoadMethodAttributes (4ms)
				AfterProcessingInitializeOnLoad (5ms)
				EditorAssembliesLoaded (0ms)
			ExecutionOrderSort2 (0ms)
			AwakeInstancesAfterBackupRestoration (7ms)
Platform modules already initialized, skipping
Refreshing native plugins compatible for Editor in 0.39 ms, found 2 plugins.
Preloading 0 native plugins for Editor in 0.00 ms.
Unloading 1406 Unused Serialized files (Serialized files now loaded: 0)
System memory in use before: 82.2 MB.
System memory in use after: 82.3 MB.

Unloading 13 unused Assets to reduce memory usage. Loaded Objects now: 1941.
Total: 2.996500 ms (FindLiveObjects: 0.191700 ms CreateObjectMapping: 0.035700 ms MarkObjects: 2.745200 ms  DeleteObjects: 0.022500 ms)

AssetImportParameters requested are different than current active one (requested -> active):
  custom:framework-win-MediaFoundation: 216162199b28c13a410421893ffa2e32 -> 
  custom:video-decoder-ogg-theora: a1e56fd34408186e4bbccfd4996cb3dc -> 
  custom:container-muxer-webm: aa71ff27fc2769a1b78a27578f13a17b -> 
  custom:container-demuxer-webm: 4f35f7cbe854078d1ac9338744f61a02 -> 
  custom:container-demuxer-ogg: 62fdf1f143b41e24485cea50d1cbac27 -> 
  custom:video-encoder-webm-vp8: eb34c28f22e8b96e1ab97ce403110664 -> 
  custom:video-codec-MediaFoundation-h265: 746d11721c4dcdbdad8f713fa42b33f4 -> 
  custom:video-decoder-webm-vp8: 9c59270c3fd7afecdb556c50c9e8de78 -> 
  custom:audio-decoder-ogg-vorbis: bf7c407c2cedff20999df2af8eb42d56 -> 
  custom:audio-encoder-webm-vorbis: bf7c407c2cedff20999df2af8eb42d56 -> 
========================================================================
Received Import Request.
  Time since last request: 1332.292627 seconds.
  path: Assets/Scripts/SelectionManager.cs
  artifactKey: Guid(293faa1339dc3d74daa0a8422c25834f) Importer(815301076,1909f56bfc062723c751e8b465ee728b)
Start importing Assets/Scripts/SelectionManager.cs using Guid(293faa1339dc3d74daa0a8422c25834f) Importer(815301076,1909f56bfc062723c751e8b465ee728b)  -> (artifact id: 'ef1731fb8871b83e5d37a78fc4e95cc4') in 0.014502 seconds 
  Import took 0.018270 seconds .

========================================================================
Received Import Request.
  Time since last request: 0.034936 seconds.
  path: Assets/Scripts/SelectionManager.cs
  artifactKey: Guid(293faa1339dc3d74daa0a8422c25834f) Importer(815301076,1909f56bfc062723c751e8b465ee728b)
Start importing Assets/Scripts/SelectionManager.cs using Guid(293faa1339dc3d74daa0a8422c25834f) Importer(815301076,1909f56bfc062723c751e8b465ee728b)  -> (artifact id: 'ef1731fb8871b83e5d37a78fc4e95cc4') in 0.003678 seconds 
  Import took 0.005964 seconds .

========================================================================
Received Import Request.
  Time since last request: 162.065105 seconds.
  path: Assets/Scenes/MainScene/Lightmap-0_comp_dir.png
  artifactKey: Guid(72895da55d447ce458e2a7903dcb0cea) Importer(815301076,1909f56bfc062723c751e8b465ee728b)
Start importing Assets/Scenes/MainScene/Lightmap-0_comp_dir.png using Guid(72895da55d447ce458e2a7903dcb0cea) Importer(815301076,1909f56bfc062723c751e8b465ee728b)  -> (artifact id: 'a1de7c7410551949a320d3836623d967') in 0.061134 seconds 
  Import took 0.063466 seconds .

========================================================================
Received Import Request.
  Time since last request: 0.000247 seconds.
  path: Assets/Scenes/MainScene/Lightmap-0_comp_light.exr
  artifactKey: Guid(9d519c92b614d204b83008de5fc516d5) Importer(815301076,1909f56bfc062723c751e8b465ee728b)
Start importing Assets/Scenes/MainScene/Lightmap-0_comp_light.exr using Guid(9d519c92b614d204b83008de5fc516d5) Importer(815301076,1909f56bfc062723c751e8b465ee728b)  -> (artifact id: 'fd4fbb52057774496d6f3c4aa7b7c02b') in 0.024328 seconds 
  Import took 0.026603 seconds .

========================================================================
Received Import Request.
  Time since last request: 1.993904 seconds.
  path: Assets/Scenes/MainScene/Lightmap-1_comp_dir.png
  artifactKey: Guid(f649d931986069c48ab3c3cc90c8ee48) Importer(815301076,1909f56bfc062723c751e8b465ee728b)
Start importing Assets/Scenes/MainScene/Lightmap-1_comp_dir.png using Guid(f649d931986069c48ab3c3cc90c8ee48) Importer(815301076,1909f56bfc062723c751e8b465ee728b)  -> (artifact id: '8de9f08ded3e225f9c81dc403028df1b') in 0.013650 seconds 
  Import took 0.016257 seconds .

========================================================================
Received Import Request.
  Time since last request: 0.000226 seconds.
  path: Assets/Scenes/MainScene/Lightmap-1_comp_light.exr
  artifactKey: Guid(236953035ef53aa489d59a8868b9a1e8) Importer(815301076,1909f56bfc062723c751e8b465ee728b)
Start importing Assets/Scenes/MainScene/Lightmap-1_comp_light.exr using Guid(236953035ef53aa489d59a8868b9a1e8) Importer(815301076,1909f56bfc062723c751e8b465ee728b)  -> (artifact id: '329b80a1ecc906c736af62c311d15795') in 0.013753 seconds 
  Import took 0.016394 seconds .

========================================================================
Received Import Request.
  Time since last request: 0.024072 seconds.
  path: Assets/Scenes/MainScene/Lightmap-2_comp_dir.png
  artifactKey: Guid(18d485db8e1eef344bce2ab4af6b4c72) Importer(815301076,1909f56bfc062723c751e8b465ee728b)
Start importing Assets/Scenes/MainScene/Lightmap-2_comp_dir.png using Guid(18d485db8e1eef344bce2ab4af6b4c72) Importer(815301076,1909f56bfc062723c751e8b465ee728b)  -> (artifact id: 'f4f63443bc0ce67e5edf89527043a0ac') in 0.014101 seconds 
  Import took 0.016399 seconds .

========================================================================
Received Import Request.
  Time since last request: 0.000220 seconds.
  path: Assets/Scenes/MainScene/Lightmap-2_comp_light.exr
  artifactKey: Guid(9bc2ecdcb66f3d04b96c807e241036cd) Importer(815301076,1909f56bfc062723c751e8b465ee728b)
Start importing Assets/Scenes/MainScene/Lightmap-2_comp_light.exr using Guid(9bc2ecdcb66f3d04b96c807e241036cd) Importer(815301076,1909f56bfc062723c751e8b465ee728b)  -> (artifact id: 'cb4445cb85960f299a5cff06df768a0e') in 0.026477 seconds 
  Import took 0.028797 seconds .

========================================================================
Received Import Request.
  Time since last request: 1.449189 seconds.
  path: Assets/Scenes/MainScene/Lightmap-3_comp_dir.png
  artifactKey: Guid(c9d9d9bf7e9bbe74aac40ae9c7446aa6) Importer(815301076,1909f56bfc062723c751e8b465ee728b)
Start importing Assets/Scenes/MainScene/Lightmap-3_comp_dir.png using Guid(c9d9d9bf7e9bbe74aac40ae9c7446aa6) Importer(815301076,1909f56bfc062723c751e8b465ee728b)  -> (artifact id: 'd162cc2db18eafd4af2758866a17a6f2') in 0.014507 seconds 
  Import took 0.017103 seconds .

========================================================================
Received Import Request.
  Time since last request: 0.000216 seconds.
  path: Assets/Scenes/MainScene/Lightmap-3_comp_light.exr
  artifactKey: Guid(a6c8a4e24744276448c686b6c386d623) Importer(815301076,1909f56bfc062723c751e8b465ee728b)
Start importing Assets/Scenes/MainScene/Lightmap-3_comp_light.exr using Guid(a6c8a4e24744276448c686b6c386d623) Importer(815301076,1909f56bfc062723c751e8b465ee728b)  -> (artifact id: 'bc4e780da8436cde366fe7ee430080b4') in 0.013908 seconds 
  Import took 0.016391 seconds .

========================================================================
Received Import Request.
  Time since last request: 0.066540 seconds.
  path: Assets/Scenes/MainScene/Lightmap-4_comp_dir.png
  artifactKey: Guid(db1597e398e1a2146b27a42c57712655) Importer(815301076,1909f56bfc062723c751e8b465ee728b)
Start importing Assets/Scenes/MainScene/Lightmap-4_comp_dir.png using Guid(db1597e398e1a2146b27a42c57712655) Importer(815301076,1909f56bfc062723c751e8b465ee728b)  -> (artifact id: '515268e6faf3a1fed2aaae70a09ea306') in 0.013065 seconds 
  Import took 0.015516 seconds .

========================================================================
Received Import Request.
  Time since last request: 0.000228 seconds.
  path: Assets/Scenes/MainScene/Lightmap-4_comp_light.exr
  artifactKey: Guid(6e228c97e85c2b246a2540ee6b72ca55) Importer(815301076,1909f56bfc062723c751e8b465ee728b)
Start importing Assets/Scenes/MainScene/Lightmap-4_comp_light.exr using Guid(6e228c97e85c2b246a2540ee6b72ca55) Importer(815301076,1909f56bfc062723c751e8b465ee728b)  -> (artifact id: '653845de7a1eb8a068fa5ba6a8a28d81') in 0.014693 seconds 
  Import took 0.016907 seconds .

========================================================================
Received Import Request.
  Time since last request: 0.981259 seconds.
  path: Assets/Scenes/MainScene/Lightmap-5_comp_dir.png
  artifactKey: Guid(bbb47cb2e7865a941b9765eef8bbabe6) Importer(815301076,1909f56bfc062723c751e8b465ee728b)
Start importing Assets/Scenes/MainScene/Lightmap-5_comp_dir.png using Guid(bbb47cb2e7865a941b9765eef8bbabe6) Importer(815301076,1909f56bfc062723c751e8b465ee728b)  -> (artifact id: '00256c2660b29d95a043bf60b7fc8c0b') in 0.011619 seconds 
  Import took 0.014963 seconds .

========================================================================
Received Import Request.
  Time since last request: 0.000192 seconds.
  path: Assets/Scenes/MainScene/Lightmap-5_comp_light.exr
  artifactKey: Guid(a40621ecfd62e2b44931d68249617c19) Importer(815301076,1909f56bfc062723c751e8b465ee728b)
Start importing Assets/Scenes/MainScene/Lightmap-5_comp_light.exr using Guid(a40621ecfd62e2b44931d68249617c19) Importer(815301076,1909f56bfc062723c751e8b465ee728b)  -> (artifact id: 'cecbee76a66a6534236fe96fc4580f61') in 0.011638 seconds 
  Import took 0.013654 seconds .

========================================================================
Received Import Request.
  Time since last request: 0.048693 seconds.
  path: Assets/Scenes/MainScene/Lightmap-6_comp_dir.png
  artifactKey: Guid(65158c53d72787a4a8dc5721398a1fa3) Importer(815301076,1909f56bfc062723c751e8b465ee728b)
Start importing Assets/Scenes/MainScene/Lightmap-6_comp_dir.png using Guid(65158c53d72787a4a8dc5721398a1fa3) Importer(815301076,1909f56bfc062723c751e8b465ee728b)  -> (artifact id: '8db364696954115490647859ec4e1d4a') in 0.011418 seconds 
  Import took 0.014013 seconds .

========================================================================
Received Import Request.
  Time since last request: 0.000240 seconds.
  path: Assets/Scenes/MainScene/Lightmap-6_comp_light.exr
  artifactKey: Guid(da5947cc0af0c0a4fb9543a4759cdc61) Importer(815301076,1909f56bfc062723c751e8b465ee728b)
Start importing Assets/Scenes/MainScene/Lightmap-6_comp_light.exr using Guid(da5947cc0af0c0a4fb9543a4759cdc61) Importer(815301076,1909f56bfc062723c751e8b465ee728b)  -> (artifact id: '5c752a4a94c6f5c3c06b8e0ac4bc0caf') in 0.011492 seconds 
  Import took 0.014249 seconds .

========================================================================
Received Import Request.
  Time since last request: 0.582406 seconds.
  path: Assets/Scenes/MainScene/Lightmap-7_comp_dir.png
  artifactKey: Guid(fd303a43f337acc41ad8ff9e3437a38a) Importer(815301076,1909f56bfc062723c751e8b465ee728b)
Start importing Assets/Scenes/MainScene/Lightmap-7_comp_dir.png using Guid(fd303a43f337acc41ad8ff9e3437a38a) Importer(815301076,1909f56bfc062723c751e8b465ee728b)  -> (artifact id: '495bead4cdc505b2d3ae6f48758dbfa1') in 0.012442 seconds 
  Import took 0.015340 seconds .

========================================================================
Received Import Request.
  Time since last request: 0.000239 seconds.
  path: Assets/Scenes/MainScene/Lightmap-7_comp_light.exr
  artifactKey: Guid(83e078346ebb5714ab930f050b9cab6e) Importer(815301076,1909f56bfc062723c751e8b465ee728b)
Start importing Assets/Scenes/MainScene/Lightmap-7_comp_light.exr using Guid(83e078346ebb5714ab930f050b9cab6e) Importer(815301076,1909f56bfc062723c751e8b465ee728b)  -> (artifact id: 'cf8344b52f655dd4b4d283117c2181a8') in 0.012110 seconds 
  Import took 0.014581 seconds .

========================================================================
Received Import Request.
  Time since last request: 0.050195 seconds.
  path: Assets/Scenes/MainScene/Lightmap-8_comp_dir.png
  artifactKey: Guid(70dbecb6225e1a64bad08ecb0e46d00c) Importer(815301076,1909f56bfc062723c751e8b465ee728b)
Start importing Assets/Scenes/MainScene/Lightmap-8_comp_dir.png using Guid(70dbecb6225e1a64bad08ecb0e46d00c) Importer(815301076,1909f56bfc062723c751e8b465ee728b)  -> (artifact id: '39605f1775d8f16eb6dcd9399e475e4b') in 0.011998 seconds 
  Import took 0.015118 seconds .

========================================================================
Received Import Request.
  Time since last request: 0.000209 seconds.
  path: Assets/Scenes/MainScene/Lightmap-8_comp_light.exr
  artifactKey: Guid(ca3c11d31e126ef4191b2b2d98ccd3d6) Importer(815301076,1909f56bfc062723c751e8b465ee728b)
Start importing Assets/Scenes/MainScene/Lightmap-8_comp_light.exr using Guid(ca3c11d31e126ef4191b2b2d98ccd3d6) Importer(815301076,1909f56bfc062723c751e8b465ee728b)  -> (artifact id: '19d907a9099e4c9ce5a1055ecdb8647f') in 0.011622 seconds 
  Import took 0.013864 seconds .

========================================================================
Received Import Request.
  Time since last request: 0.349961 seconds.
  path: Assets/Scenes/MainScene/Lightmap-9_comp_dir.png
  artifactKey: Guid(60435b5922c9b304591067144bbaa43d) Importer(815301076,1909f56bfc062723c751e8b465ee728b)
Start importing Assets/Scenes/MainScene/Lightmap-9_comp_dir.png using Guid(60435b5922c9b304591067144bbaa43d) Importer(815301076,1909f56bfc062723c751e8b465ee728b)  -> (artifact id: 'e701dc0176ea8b5201df2536c1cedb61') in 0.013063 seconds 
  Import took 0.015423 seconds .

========================================================================
Received Import Request.
  Time since last request: 0.000236 seconds.
  path: Assets/Scenes/MainScene/Lightmap-9_comp_light.exr
  artifactKey: Guid(5a744c34a5655054096615b206cec998) Importer(815301076,1909f56bfc062723c751e8b465ee728b)
Start importing Assets/Scenes/MainScene/Lightmap-9_comp_light.exr using Guid(5a744c34a5655054096615b206cec998) Importer(815301076,1909f56bfc062723c751e8b465ee728b)  -> (artifact id: '02ba03ff534b8f133386111919ea7ddb') in 0.011931 seconds 
  Import took 0.014216 seconds .

========================================================================
Received Import Request.
  Time since last request: 0.053248 seconds.
  path: Assets/Scenes/MainScene/Lightmap-10_comp_dir.png
  artifactKey: Guid(5feae1fca41a88c4f882987ff107126d) Importer(815301076,1909f56bfc062723c751e8b465ee728b)
Start importing Assets/Scenes/MainScene/Lightmap-10_comp_dir.png using Guid(5feae1fca41a88c4f882987ff107126d) Importer(815301076,1909f56bfc062723c751e8b465ee728b)  -> (artifact id: '01549bbf7134cebdc9f5b9834a55a0c6') in 0.012817 seconds 
  Import took 0.015538 seconds .

========================================================================
Received Import Request.
  Time since last request: 0.000314 seconds.
  path: Assets/Scenes/MainScene/Lightmap-10_comp_light.exr
  artifactKey: Guid(8c04c9bd048c0eb47b4667dd01771c5a) Importer(815301076,1909f56bfc062723c751e8b465ee728b)
Start importing Assets/Scenes/MainScene/Lightmap-10_comp_light.exr using Guid(8c04c9bd048c0eb47b4667dd01771c5a) Importer(815301076,1909f56bfc062723c751e8b465ee728b)  -> (artifact id: '5c4b8b5cfc8f82424007c7b98885dac3') in 0.013257 seconds 
  Import took 0.015880 seconds .

========================================================================
Received Import Request.
  Time since last request: 0.221381 seconds.
  path: Assets/Scenes/MainScene/Lightmap-11_comp_dir.png
  artifactKey: Guid(bfeb2a323dbff55468b8727b27f79b3d) Importer(815301076,1909f56bfc062723c751e8b465ee728b)
Start importing Assets/Scenes/MainScene/Lightmap-11_comp_dir.png using Guid(bfeb2a323dbff55468b8727b27f79b3d) Importer(815301076,1909f56bfc062723c751e8b465ee728b)  -> (artifact id: '06eb7208e77a92c4fa7c3aaae22f9746') in 0.011384 seconds 
  Import took 0.014287 seconds .

========================================================================
Received Import Request.
  Time since last request: 0.000220 seconds.
  path: Assets/Scenes/MainScene/Lightmap-11_comp_light.exr
  artifactKey: Guid(d9254204cd0072349a7b2c3011ae908e) Importer(815301076,1909f56bfc062723c751e8b465ee728b)
Start importing Assets/Scenes/MainScene/Lightmap-11_comp_light.exr using Guid(d9254204cd0072349a7b2c3011ae908e) Importer(815301076,1909f56bfc062723c751e8b465ee728b)  -> (artifact id: '5c1ba1ec21384874193b9d827bdc6ccf') in 0.012018 seconds 
  Import took 0.014310 seconds .

========================================================================
Received Import Request.
  Time since last request: 0.000234 seconds.
  path: Assets/Scenes/MainScene/Lightmap-11_comp_dir.png
  artifactKey: Guid(bfeb2a323dbff55468b8727b27f79b3d) Importer(815301076,1909f56bfc062723c751e8b465ee728b)
Start importing Assets/Scenes/MainScene/Lightmap-11_comp_dir.png using Guid(bfeb2a323dbff55468b8727b27f79b3d) Importer(815301076,1909f56bfc062723c751e8b465ee728b)  -> (artifact id: '06eb7208e77a92c4fa7c3aaae22f9746') in 0.007551 seconds 
  Import took 0.009927 seconds .

========================================================================
Received Import Request.
  Time since last request: 0.010514 seconds.
  path: Assets/Scenes/MainScene/Lightmap-11_comp_light.exr
  artifactKey: Guid(d9254204cd0072349a7b2c3011ae908e) Importer(815301076,1909f56bfc062723c751e8b465ee728b)
Start importing Assets/Scenes/MainScene/Lightmap-11_comp_light.exr using Guid(d9254204cd0072349a7b2c3011ae908e) Importer(815301076,1909f56bfc062723c751e8b465ee728b)  -> (artifact id: '5c1ba1ec21384874193b9d827bdc6ccf') in 0.006578 seconds 
  Import took 0.009634 seconds .

========================================================================
Received Import Request.
  Time since last request: 0.020767 seconds.
  path: Assets/Scenes/MainScene/Lightmap-12_comp_dir.png
  artifactKey: Guid(02d55be7f81b5ae47845f805935c10da) Importer(815301076,1909f56bfc062723c751e8b465ee728b)
Start importing Assets/Scenes/MainScene/Lightmap-12_comp_dir.png using Guid(02d55be7f81b5ae47845f805935c10da) Importer(815301076,1909f56bfc062723c751e8b465ee728b)  -> (artifact id: 'b7a842297676ed01e2628870a3837716') in 0.012532 seconds 
  Import took 0.015357 seconds .

========================================================================
Received Import Request.
  Time since last request: 0.000281 seconds.
  path: Assets/Scenes/MainScene/Lightmap-12_comp_light.exr
  artifactKey: Guid(444ac804acc95c34bb51dd21780796e9) Importer(815301076,1909f56bfc062723c751e8b465ee728b)
Start importing Assets/Scenes/MainScene/Lightmap-12_comp_light.exr using Guid(444ac804acc95c34bb51dd21780796e9) Importer(815301076,1909f56bfc062723c751e8b465ee728b)  -> (artifact id: 'f6310f9cf27767e4dedef1fb92995037') in 0.013254 seconds 
  Import took 0.015537 seconds .

========================================================================
Received Import Request.
  Time since last request: 0.000698 seconds.
  path: Assets/Scenes/MainScene/Lightmap-12_comp_light.exr
  artifactKey: Guid(444ac804acc95c34bb51dd21780796e9) Importer(815301076,1909f56bfc062723c751e8b465ee728b)
Start importing Assets/Scenes/MainScene/Lightmap-12_comp_light.exr using Guid(444ac804acc95c34bb51dd21780796e9) Importer(815301076,1909f56bfc062723c751e8b465ee728b)  -> (artifact id: 'f6310f9cf27767e4dedef1fb92995037') in 0.006934 seconds 
  Import took 0.009269 seconds .

========================================================================
Received Import Request.
  Time since last request: 0.000245 seconds.
  path: Assets/Scenes/MainScene/Lightmap-13_comp_dir.png
  artifactKey: Guid(946b84b55814d48449d0e15e31a0c0ad) Importer(815301076,1909f56bfc062723c751e8b465ee728b)
Start importing Assets/Scenes/MainScene/Lightmap-13_comp_dir.png using Guid(946b84b55814d48449d0e15e31a0c0ad) Importer(815301076,1909f56bfc062723c751e8b465ee728b)  -> (artifact id: '733aa0c449e5c520d9b19640b9e37b3a') in 0.012780 seconds 
  Import took 0.015335 seconds .

========================================================================
Received Import Request.
  Time since last request: 0.000200 seconds.
  path: Assets/Scenes/MainScene/Lightmap-13_comp_light.exr
  artifactKey: Guid(3303fce1db2f60d4fbbf7cfc9e04594c) Importer(815301076,1909f56bfc062723c751e8b465ee728b)
Start importing Assets/Scenes/MainScene/Lightmap-13_comp_light.exr using Guid(3303fce1db2f60d4fbbf7cfc9e04594c) Importer(815301076,1909f56bfc062723c751e8b465ee728b)  -> (artifact id: '9a33c559c5fd0723abf6d0ffd71572bc') in 0.012072 seconds 
  Import took 0.014915 seconds .

========================================================================
Received Import Request.
  Time since last request: 0.000212 seconds.
  path: Assets/Scenes/MainScene/Lightmap-13_comp_dir.png
  artifactKey: Guid(946b84b55814d48449d0e15e31a0c0ad) Importer(815301076,1909f56bfc062723c751e8b465ee728b)
Start importing Assets/Scenes/MainScene/Lightmap-13_comp_dir.png using Guid(946b84b55814d48449d0e15e31a0c0ad) Importer(815301076,1909f56bfc062723c751e8b465ee728b)  -> (artifact id: '733aa0c449e5c520d9b19640b9e37b3a') in 0.011975 seconds 
  Import took 0.015177 seconds .

========================================================================
Received Import Request.
  Time since last request: 0.007091 seconds.
  path: Assets/Scenes/MainScene/Lightmap-13_comp_light.exr
  artifactKey: Guid(3303fce1db2f60d4fbbf7cfc9e04594c) Importer(815301076,1909f56bfc062723c751e8b465ee728b)
Start importing Assets/Scenes/MainScene/Lightmap-13_comp_light.exr using Guid(3303fce1db2f60d4fbbf7cfc9e04594c) Importer(815301076,1909f56bfc062723c751e8b465ee728b)  -> (artifact id: '9a33c559c5fd0723abf6d0ffd71572bc') in 0.011781 seconds 
  Import took 0.014360 seconds .

========================================================================
Received Import Request.
  Time since last request: 0.202563 seconds.
  path: Assets/Scenes/MainScene/Lightmap-14_comp_dir.png
  artifactKey: Guid(3dd07ca86a654df4f86cedcce05f890f) Importer(815301076,1909f56bfc062723c751e8b465ee728b)
Start importing Assets/Scenes/MainScene/Lightmap-14_comp_dir.png using Guid(3dd07ca86a654df4f86cedcce05f890f) Importer(815301076,1909f56bfc062723c751e8b465ee728b)  -> (artifact id: '4aa50528862f58f72fbede37feaf9a15') in 0.013023 seconds 
  Import took 0.015287 seconds .

========================================================================
Received Import Request.
  Time since last request: 0.000238 seconds.
  path: Assets/Scenes/MainScene/Lightmap-15_comp_dir.png
  artifactKey: Guid(b9c47a3dbef87bf499675fa8f4dbb456) Importer(815301076,1909f56bfc062723c751e8b465ee728b)
Start importing Assets/Scenes/MainScene/Lightmap-15_comp_dir.png using Guid(b9c47a3dbef87bf499675fa8f4dbb456) Importer(815301076,1909f56bfc062723c751e8b465ee728b)  -> (artifact id: 'e594c4590c2078dd20453a3898090f65') in 0.012283 seconds 
  Import took 0.014532 seconds .

========================================================================
Received Import Request.
  Time since last request: 0.000235 seconds.
  path: Assets/Scenes/MainScene/Lightmap-15_comp_light.exr
  artifactKey: Guid(d1e1ff28c099fce4ea8fcde8a074e31f) Importer(815301076,1909f56bfc062723c751e8b465ee728b)
Start importing Assets/Scenes/MainScene/Lightmap-15_comp_light.exr using Guid(d1e1ff28c099fce4ea8fcde8a074e31f) Importer(815301076,1909f56bfc062723c751e8b465ee728b)  -> (artifact id: '5bc57cbd254298b62236c4b99d29ca5a') in 0.012173 seconds 
  Import took 0.014953 seconds .

========================================================================
Received Import Request.
  Time since last request: 0.000204 seconds.
  path: Assets/Scenes/MainScene/Lightmap-14_comp_light.exr
  artifactKey: Guid(631a62626c88cee41bdbc6366cc47d6e) Importer(815301076,1909f56bfc062723c751e8b465ee728b)
Start importing Assets/Scenes/MainScene/Lightmap-14_comp_light.exr using Guid(631a62626c88cee41bdbc6366cc47d6e) Importer(815301076,1909f56bfc062723c751e8b465ee728b)  -> (artifact id: '9a63ce4ba8c6217c58ebf8816314b4cb') in 0.012529 seconds 
  Import took 0.014871 seconds .

========================================================================
Received Import Request.
  Time since last request: 0.048639 seconds.
  path: Assets/Scenes/MainScene/Lightmap-16_comp_dir.png
  artifactKey: Guid(50b66cbac5dd48f44a7b5cf203f17a6c) Importer(815301076,1909f56bfc062723c751e8b465ee728b)
Start importing Assets/Scenes/MainScene/Lightmap-16_comp_dir.png using Guid(50b66cbac5dd48f44a7b5cf203f17a6c) Importer(815301076,1909f56bfc062723c751e8b465ee728b)  -> (artifact id: '72209374b502ca8909724070c39e59da') in 0.012369 seconds 
  Import took 0.015026 seconds .

========================================================================
Received Import Request.
  Time since last request: 0.000209 seconds.
  path: Assets/Scenes/MainScene/Lightmap-16_comp_light.exr
  artifactKey: Guid(8a56ede07a13fd24583a4d69740ba899) Importer(815301076,1909f56bfc062723c751e8b465ee728b)
Start importing Assets/Scenes/MainScene/Lightmap-16_comp_light.exr using Guid(8a56ede07a13fd24583a4d69740ba899) Importer(815301076,1909f56bfc062723c751e8b465ee728b)  -> (artifact id: '44c404d95f98993bb3e9a08e6ae3cc9b') in 0.012506 seconds 
  Import took 0.015135 seconds .

========================================================================
Received Import Request.
  Time since last request: 0.195129 seconds.
  path: Assets/Scenes/MainScene/Lightmap-17_comp_dir.png
  artifactKey: Guid(f991ef6b35221dc47962baffd92f756a) Importer(815301076,1909f56bfc062723c751e8b465ee728b)
Start importing Assets/Scenes/MainScene/Lightmap-17_comp_dir.png using Guid(f991ef6b35221dc47962baffd92f756a) Importer(815301076,1909f56bfc062723c751e8b465ee728b)  -> (artifact id: 'f7b8680a12a208f3ba16322e14ae892b') in 0.011344 seconds 
  Import took 0.013711 seconds .

========================================================================
Received Import Request.
  Time since last request: 0.000255 seconds.
  path: Assets/Scenes/MainScene/Lightmap-17_comp_light.exr
  artifactKey: Guid(230a6a06e95c4e049b1c165d27ebbbec) Importer(815301076,1909f56bfc062723c751e8b465ee728b)
Start importing Assets/Scenes/MainScene/Lightmap-17_comp_light.exr using Guid(230a6a06e95c4e049b1c165d27ebbbec) Importer(815301076,1909f56bfc062723c751e8b465ee728b)  -> (artifact id: 'bb7853a091deb9267e9e329d05983bf0') in 0.012380 seconds 
  Import took 0.015100 seconds .

========================================================================
Received Import Request.
  Time since last request: 0.000198 seconds.
  path: Assets/Scenes/MainScene/Lightmap-17_comp_dir.png
  artifactKey: Guid(f991ef6b35221dc47962baffd92f756a) Importer(815301076,1909f56bfc062723c751e8b465ee728b)
Start importing Assets/Scenes/MainScene/Lightmap-17_comp_dir.png using Guid(f991ef6b35221dc47962baffd92f756a) Importer(815301076,1909f56bfc062723c751e8b465ee728b)  -> (artifact id: 'f7b8680a12a208f3ba16322e14ae892b') in 0.006580 seconds 
  Import took 0.008891 seconds .

========================================================================
Received Import Request.
  Time since last request: 0.012522 seconds.
  path: Assets/Scenes/MainScene/Lightmap-17_comp_light.exr
  artifactKey: Guid(230a6a06e95c4e049b1c165d27ebbbec) Importer(815301076,1909f56bfc062723c751e8b465ee728b)
Start importing Assets/Scenes/MainScene/Lightmap-17_comp_light.exr using Guid(230a6a06e95c4e049b1c165d27ebbbec) Importer(815301076,1909f56bfc062723c751e8b465ee728b)  -> (artifact id: 'bb7853a091deb9267e9e329d05983bf0') in 0.006624 seconds 
  Import took 0.009047 seconds .

========================================================================
Received Import Request.
  Time since last request: 0.021809 seconds.
  path: Assets/Scenes/MainScene/Lightmap-18_comp_dir.png
  artifactKey: Guid(e2ed39a65410ab240b42b753e851cbcc) Importer(815301076,1909f56bfc062723c751e8b465ee728b)
Start importing Assets/Scenes/MainScene/Lightmap-18_comp_dir.png using Guid(e2ed39a65410ab240b42b753e851cbcc) Importer(815301076,1909f56bfc062723c751e8b465ee728b)  -> (artifact id: '6275f7e0d6b1717d7c79b02b30d966de') in 0.011669 seconds 
  Import took 0.014865 seconds .

========================================================================
Received Import Request.
  Time since last request: 0.000210 seconds.
  path: Assets/Scenes/MainScene/Lightmap-18_comp_light.exr
  artifactKey: Guid(fe126bf7f0a7bb041b5c879220f91533) Importer(815301076,1909f56bfc062723c751e8b465ee728b)
Start importing Assets/Scenes/MainScene/Lightmap-18_comp_light.exr using Guid(fe126bf7f0a7bb041b5c879220f91533) Importer(815301076,1909f56bfc062723c751e8b465ee728b)  -> (artifact id: 'fc3b9fecd3b3ef700297d3584aaefe8e') in 0.011686 seconds 
  Import took 0.014002 seconds .

========================================================================
Received Import Request.
  Time since last request: 0.001339 seconds.
  path: Assets/Scenes/MainScene/Lightmap-18_comp_light.exr
  artifactKey: Guid(fe126bf7f0a7bb041b5c879220f91533) Importer(815301076,1909f56bfc062723c751e8b465ee728b)
Start importing Assets/Scenes/MainScene/Lightmap-18_comp_light.exr using Guid(fe126bf7f0a7bb041b5c879220f91533) Importer(815301076,1909f56bfc062723c751e8b465ee728b)  -> (artifact id: 'fc3b9fecd3b3ef700297d3584aaefe8e') in 0.007397 seconds 
  Import took 0.010001 seconds .

========================================================================
Received Import Request.
  Time since last request: 0.352858 seconds.
  path: Assets/Scenes/MainScene/ReflectionProbe-0.exr
  artifactKey: Guid(2d0f5025a10d38341addd8d2b7bc62cd) Importer(815301076,1909f56bfc062723c751e8b465ee728b)
Start importing Assets/Scenes/MainScene/ReflectionProbe-0.exr using Guid(2d0f5025a10d38341addd8d2b7bc62cd) Importer(815301076,1909f56bfc062723c751e8b465ee728b)  -> (artifact id: '3115788bdb461b7661cb561c51fac6e4') in 0.034201 seconds 
  Import took 0.037201 seconds .

========================================================================
Received Import Request.
  Time since last request: 3749.737851 seconds.
  path: Assets/Walls.mat
  artifactKey: Guid(72036435c597c854cb5a469078e73992) Importer(815301076,1909f56bfc062723c751e8b465ee728b)
Start importing Assets/Walls.mat using Guid(72036435c597c854cb5a469078e73992) Importer(815301076,1909f56bfc062723c751e8b465ee728b)  -> (artifact id: 'b233c3fb345af61d407db32a8d52d350') in 0.058054 seconds 
  Import took 0.062741 seconds .

========================================================================
Received Import Request.
  Time since last request: 0.002898 seconds.
  path: Assets/Walls.mat
  artifactKey: Guid(72036435c597c854cb5a469078e73992) Importer(815301076,1909f56bfc062723c751e8b465ee728b)
Start importing Assets/Walls.mat using Guid(72036435c597c854cb5a469078e73992) Importer(815301076,1909f56bfc062723c751e8b465ee728b)  -> (artifact id: 'b233c3fb345af61d407db32a8d52d350') in 0.028190 seconds 
  Import took 0.030963 seconds .

========================================================================
Received Import Request.
  Time since last request: 4.816085 seconds.
  path: Assets/models/shibaTheFace.fbx
  artifactKey: Guid(072dc6829fb9d734c914c54c8ff84672) Importer(815301076,1909f56bfc062723c751e8b465ee728b)
Start importing Assets/models/shibaTheFace.fbx using Guid(072dc6829fb9d734c914c54c8ff84672) Importer(815301076,1909f56bfc062723c751e8b465ee728b)  -> (artifact id: 'f5a2ee6ee434bbe2c7bdfa234a0b1e42') in 0.073775 seconds 
  Import took 0.076409 seconds .

========================================================================
Received Prepare
Registering precompiled user dll's ...
Registered in 0.001922 seconds.
Begin MonoManager ReloadAssembly
Native extension for WindowsStandalone target not found
Refreshing native plugins compatible for Editor in 0.39 ms, found 2 plugins.
Preloading 0 native plugins for Editor in 0.00 ms.
Mono: successfully reloaded assembly
- Completed reload, in  1.035 seconds
Domain Reload Profiling:
	ReloadAssembly (1035ms)
		BeginReloadAssembly (124ms)
			ExecutionOrderSort (0ms)
			DisableScriptedObjects (4ms)
			BackupInstance (0ms)
			ReleaseScriptingObjects (0ms)
			CreateAndSetChildDomain (45ms)
		EndReloadAssembly (847ms)
			LoadAssemblies (76ms)
			RebuildTransferFunctionScriptingTraits (0ms)
			SetupTypeCache (262ms)
			ReleaseScriptCaches (1ms)
			RebuildScriptCaches (38ms)
			SetupLoadedEditorAssemblies (361ms)
				LogAssemblyErrors (0ms)
				InitializePlatformSupportModulesInManaged (5ms)
				SetLoadedEditorAssemblies (0ms)
				RefreshPlugins (0ms)
				BeforeProcessingInitializeOnLoad (75ms)
				ProcessInitializeOnLoadAttributes (270ms)
				ProcessInitializeOnLoadMethodAttributes (4ms)
				AfterProcessingInitializeOnLoad (5ms)
				EditorAssembliesLoaded (0ms)
			ExecutionOrderSort2 (0ms)
			AwakeInstancesAfterBackupRestoration (7ms)
Platform modules already initialized, skipping
Refreshing native plugins compatible for Editor in 0.38 ms, found 2 plugins.
Preloading 0 native plugins for Editor in 0.00 ms.
Unloading 1406 Unused Serialized files (Serialized files now loaded: 0)
System memory in use before: 82.3 MB.
System memory in use after: 82.4 MB.

Unloading 13 unused Assets to reduce memory usage. Loaded Objects now: 1949.
Total: 3.014500 ms (FindLiveObjects: 0.177900 ms CreateObjectMapping: 0.032100 ms MarkObjects: 2.783500 ms  DeleteObjects: 0.019300 ms)

AssetImportParameters requested are different than current active one (requested -> active):
  custom:framework-win-MediaFoundation: 216162199b28c13a410421893ffa2e32 -> 
  custom:video-decoder-ogg-theora: a1e56fd34408186e4bbccfd4996cb3dc -> 
  custom:container-muxer-webm: aa71ff27fc2769a1b78a27578f13a17b -> 
  custom:container-demuxer-webm: 4f35f7cbe854078d1ac9338744f61a02 -> 
  custom:container-demuxer-ogg: 62fdf1f143b41e24485cea50d1cbac27 -> 
  custom:video-encoder-webm-vp8: eb34c28f22e8b96e1ab97ce403110664 -> 
  custom:video-codec-MediaFoundation-h265: 746d11721c4dcdbdad8f713fa42b33f4 -> 
  custom:video-decoder-webm-vp8: 9c59270c3fd7afecdb556c50c9e8de78 -> 
  custom:audio-decoder-ogg-vorbis: bf7c407c2cedff20999df2af8eb42d56 -> 
  custom:audio-encoder-webm-vorbis: bf7c407c2cedff20999df2af8eb42d56 -> 
AssetImportWorkerClient::OnTransportError - code=2 error=End of file
